2020/08/06 13:39:36 INFO  - jmeter.util.JMeterUtils: Setting Locale to en_US 
2020/08/06 13:39:36 INFO  - jmeter.JMeter: Loading user properties from: /usr/share/jmeter/bin/user.properties 
2020/08/06 13:39:36 INFO  - jmeter.JMeter: Loading system properties from: /usr/share/jmeter/bin/system.properties 
2020/08/06 13:39:36 INFO  - jmeter.JMeter: Copyright (c) 1998-2015 The Apache Software Foundation 
2020/08/06 13:39:36 INFO  - jmeter.JMeter: Version 2.13.20170723 
2020/08/06 13:39:36 INFO  - jmeter.JMeter: java.version=11.0.8 
2020/08/06 13:39:36 INFO  - jmeter.JMeter: java.vm.name=OpenJDK 64-Bit Server VM 
2020/08/06 13:39:36 INFO  - jmeter.JMeter: os.name=Linux 
2020/08/06 13:39:36 INFO  - jmeter.JMeter: os.arch=amd64 
2020/08/06 13:39:36 INFO  - jmeter.JMeter: os.version=4.15.0-112-generic 
2020/08/06 13:39:36 INFO  - jmeter.JMeter: file.encoding=UTF-8 
2020/08/06 13:39:36 INFO  - jmeter.JMeter: Default Locale=English (United States) 
2020/08/06 13:39:36 INFO  - jmeter.JMeter: JMeter  Locale=English (United States) 
2020/08/06 13:39:36 INFO  - jmeter.JMeter: JMeterHome=/usr/share/jmeter 
2020/08/06 13:39:36 INFO  - jmeter.JMeter: user.dir  =/home/pimpwhippa/Works/tornado_todo 
2020/08/06 13:39:36 INFO  - jmeter.JMeter: PWD       =/home/pimpwhippa/Works/tornado_todo 
2020/08/06 13:39:36 INFO  - jmeter.JMeter: IP: 127.0.1.1 Name: pimpwhippa-Aspire-E5-473G FullName: pimpwhippa-Aspire-E5-473G 
2020/08/06 13:39:37 INFO  - jmeter.gui.action.LookAndFeelCommand: Using look and feel: javax.swing.plaf.metal.MetalLookAndFeel [Metal, CrossPlatform, System] 
2020/08/06 13:39:37 INFO  - jmeter.JMeter: Loaded icon properties from org/apache/jmeter/images/icon.properties 
2020/08/06 13:39:38 INFO  - jmeter.engine.util.CompoundVariable: Note: Function class names must contain the string: '.functions.' 
2020/08/06 13:39:38 INFO  - jmeter.engine.util.CompoundVariable: Note: Function class names must not contain the string: '.gui.' 
2020/08/06 13:39:38 INFO  - jmeter.util.BSFTestElement: Registering JMeter version of JavaScript engine as work-round for BSF-22 
2020/08/06 13:39:39 INFO  - jmeter.protocol.http.sampler.HTTPSamplerBase: Cannot find .className property for htmlParser, using default 
2020/08/06 13:39:39 INFO  - jmeter.protocol.http.sampler.HTTPSamplerBase: Parser for text/html is  
2020/08/06 13:39:39 INFO  - jmeter.protocol.http.sampler.HTTPSamplerBase: Parser for application/xhtml+xml is  
2020/08/06 13:39:39 INFO  - jmeter.protocol.http.sampler.HTTPSamplerBase: Parser for application/xml is  
2020/08/06 13:39:39 INFO  - jmeter.protocol.http.sampler.HTTPSamplerBase: Parser for text/xml is  
2020/08/06 13:39:39 INFO  - jmeter.protocol.http.sampler.HTTPSamplerBase: Parser for text/vnd.wap.wml is org.apache.jmeter.protocol.http.parser.RegexpHTMLParser 
2020/08/06 13:39:39 INFO  - jmeter.gui.util.MenuFactory: Skipping org.apache.jmeter.protocol.http.modifier.gui.ParamModifierGui 
2020/08/06 13:39:39 INFO  - jorphan.exec.KeyToolUtils: keytool found at 'keytool' 
2020/08/06 13:39:39 INFO  - jmeter.protocol.http.proxy.ProxyControl: HTTP(S) Test Script Recorder SSL Proxy will use keys that support embedded 3rd party resources in file /usr/share/jmeter/bin/proxyserver.jks 
2020/08/06 13:39:40 INFO  - jmeter.samplers.SampleResult: Note: Sample TimeStamps are START times 
2020/08/06 13:39:40 INFO  - jmeter.samplers.SampleResult: sampleresult.default.encoding is set to ISO-8859-1 
2020/08/06 13:39:40 INFO  - jmeter.samplers.SampleResult: sampleresult.useNanoTime=true 
2020/08/06 13:39:40 INFO  - jmeter.samplers.SampleResult: sampleresult.nanoThreadSleep=5000 
2020/08/06 13:39:48 INFO  - jmeter.services.FileServer: Default base='/home/pimpwhippa/Works/tornado_todo' 
2020/08/06 13:39:48 INFO  - jmeter.gui.action.Load: Loading file: /home/pimpwhippa/Works/tornado_todo/try2.jmx 
2020/08/06 13:39:48 INFO  - jmeter.services.FileServer: Set new base='/home/pimpwhippa/Works/tornado_todo' 
2020/08/06 13:39:48 INFO  - jmeter.save.SaveService: Testplan (JMX) version: 2.2. Testlog (JTL) version: 2.2 
2020/08/06 13:39:48 INFO  - jmeter.save.SaveService: Using SaveService properties version 2.8 
2020/08/06 13:39:48 INFO  - jmeter.save.SaveService: Using SaveService properties file version 1656252 
2020/08/06 13:39:48 INFO  - jmeter.save.SaveService: Using SaveService properties file encoding UTF-8 
2020/08/06 13:39:48 INFO  - jmeter.save.SaveService: All converter versions present and correct 
2020/08/06 13:39:48 INFO  - jmeter.save.SaveService: Loading file: /home/pimpwhippa/Works/tornado_todo/try2.jmx 
2020/08/06 13:39:48 INFO  - jmeter.services.FileServer: Set new base='/home/pimpwhippa/Works/tornado_todo' 
2020/08/06 13:40:04 INFO  - jmeter.gui.action.Load: Loading file: /home/pimpwhippa/Works/tornado_todo/trylocalhost.jmx 
2020/08/06 13:40:04 INFO  - jmeter.services.FileServer: Set new base='/home/pimpwhippa/Works/tornado_todo' 
2020/08/06 13:40:04 INFO  - jmeter.save.SaveService: Loading file: /home/pimpwhippa/Works/tornado_todo/trylocalhost.jmx 
2020/08/06 13:40:06 INFO  - jmeter.services.FileServer: Set new base='/home/pimpwhippa/Works/tornado_todo' 
2020/08/06 13:40:18 INFO  - jmeter.gui.action.Load: Loading file: /home/pimpwhippa/Works/tornado_todo/HTTP Header Manager.jmx 
2020/08/06 13:40:18 INFO  - jmeter.services.FileServer: Set new base='/home/pimpwhippa/Works/tornado_todo' 
2020/08/06 13:40:18 INFO  - jmeter.save.SaveService: Loading file: /home/pimpwhippa/Works/tornado_todo/HTTP Header Manager.jmx 
2020/08/06 13:40:18 INFO  - jmeter.services.FileServer: Set new base='/home/pimpwhippa/Works/tornado_todo' 
2020/08/06 13:40:39 INFO  - jmeter.gui.action.Load: Loading file: /home/pimpwhippa/Works/tornado_todo/trylocalhost2.jmx 
2020/08/06 13:40:39 INFO  - jmeter.services.FileServer: Set new base='/home/pimpwhippa/Works/tornado_todo' 
2020/08/06 13:40:39 INFO  - jmeter.save.SaveService: Loading file: /home/pimpwhippa/Works/tornado_todo/trylocalhost2.jmx 
2020/08/06 13:40:39 INFO  - jmeter.services.FileServer: Set new base='/home/pimpwhippa/Works/tornado_todo' 
2020/08/06 13:42:55 INFO  - jmeter.gui.action.Load: Loading file: /home/pimpwhippa/Works/tornado_todo/HTTP Header Manager.jmx 
2020/08/06 13:42:55 INFO  - jmeter.services.FileServer: Set new base='/home/pimpwhippa/Works/tornado_todo' 
2020/08/06 13:42:55 INFO  - jmeter.save.SaveService: Loading file: /home/pimpwhippa/Works/tornado_todo/HTTP Header Manager.jmx 
2020/08/06 13:42:55 INFO  - jmeter.services.FileServer: Set new base='/home/pimpwhippa/Works/tornado_todo' 
2020/08/06 13:43:23 INFO  - jmeter.gui.action.Load: Loading file: /home/pimpwhippa/Works/tornado_todo/trylocalhost.jmx 
2020/08/06 13:43:23 INFO  - jmeter.services.FileServer: Set new base='/home/pimpwhippa/Works/tornado_todo' 
2020/08/06 13:43:23 INFO  - jmeter.save.SaveService: Loading file: /home/pimpwhippa/Works/tornado_todo/trylocalhost.jmx 
2020/08/06 13:43:23 WARN  - jmeter.gui.action.Load: Error reading file: java.io.FileNotFoundException: /home/pimpwhippa/Works/tornado_todo/trylocalhost.jmx (No such file or directory) 
2020/08/06 13:45:32 INFO  - jmeter.gui.action.Load: Loading file: /home/pimpwhippa/Works/tornado_todo/try2.jmx 
2020/08/06 13:45:32 INFO  - jmeter.services.FileServer: Set new base='/home/pimpwhippa/Works/tornado_todo' 
2020/08/06 13:45:32 INFO  - jmeter.save.SaveService: Loading file: /home/pimpwhippa/Works/tornado_todo/try2.jmx 
2020/08/06 13:45:32 WARN  - jmeter.gui.action.Load: Error reading file: java.io.FileNotFoundException: /home/pimpwhippa/Works/tornado_todo/try2.jmx (No such file or directory) 
2020/08/06 13:45:39 INFO  - jmeter.gui.action.Load: Loading file: /home/pimpwhippa/Works/tornado_todo/trylocalhost2.jmx 
2020/08/06 13:45:39 INFO  - jmeter.services.FileServer: Set new base='/home/pimpwhippa/Works/tornado_todo' 
2020/08/06 13:45:39 INFO  - jmeter.save.SaveService: Loading file: /home/pimpwhippa/Works/tornado_todo/trylocalhost2.jmx 
2020/08/06 13:45:39 INFO  - jmeter.services.FileServer: Set new base='/home/pimpwhippa/Works/tornado_todo' 
2020/08/06 13:47:13 INFO  - jmeter.gui.action.Load: Loading file: /home/pimpwhippa/Works/tornado_todo/trylocalhost2.jmx 
2020/08/06 13:47:13 INFO  - jmeter.services.FileServer: Set new base='/home/pimpwhippa/Works/tornado_todo' 
2020/08/06 13:47:13 INFO  - jmeter.save.SaveService: Loading file: /home/pimpwhippa/Works/tornado_todo/trylocalhost2.jmx 
2020/08/06 13:47:13 WARN  - jmeter.gui.action.Load: Error reading file: java.io.FileNotFoundException: /home/pimpwhippa/Works/tornado_todo/trylocalhost2.jmx (No such file or directory) 
2020/08/06 13:47:22 INFO  - jmeter.gui.action.Load: Loading file: /home/pimpwhippa/Works/tornado_todo/loadtest1000.jmx 
2020/08/06 13:47:22 INFO  - jmeter.services.FileServer: Set new base='/home/pimpwhippa/Works/tornado_todo' 
2020/08/06 13:47:22 INFO  - jmeter.save.SaveService: Loading file: /home/pimpwhippa/Works/tornado_todo/loadtest1000.jmx 
2020/08/06 13:47:22 INFO  - jmeter.services.FileServer: Set new base='/home/pimpwhippa/Works/tornado_todo' 
2020/08/06 13:49:54 INFO  - jmeter.gui.action.Load: Loading file: /home/pimpwhippa/Works/tornado_todo/loadtest1000.jmx 
2020/08/06 13:49:54 INFO  - jmeter.services.FileServer: Set new base='/home/pimpwhippa/Works/tornado_todo' 
2020/08/06 13:49:54 INFO  - jmeter.save.SaveService: Loading file: /home/pimpwhippa/Works/tornado_todo/loadtest1000.jmx 
2020/08/06 13:49:54 INFO  - jmeter.services.FileServer: Set new base='/home/pimpwhippa/Works/tornado_todo' 
